<?xml version="1.0" encoding="UTF-8"?>
<!-- Generated by org.testng.reporters.JUnitXMLReporter -->
<testsuite ignored="4" hostname="Nitins-MacBook-Pro.local" failures="0" tests="1" name="Default test" time="4.733" errors="0" timestamp="2024-02-17T01:24:29 PST">
  <testcase classname="com.tekarch.salesforce.automationscripts.SalesforceLoginPage_Testcases" name="loginErrorMessage" time="1.867"/>
  <testcase classname="com.tekarch.salesforce.automationscripts.SalesforceLoginPage_Testcases" name="loginPage_EmptyPassword" time="0.0">
    <ignored/>
  </testcase> <!-- loginPage_EmptyPassword -->
  <testcase classname="com.tekarch.salesforce.automationscripts.SalesforceLoginPage_Testcases" name="testForgotPasssword" time="0.0">
    <ignored/>
  </testcase> <!-- testForgotPasssword -->
  <testcase classname="com.tekarch.salesforce.automationscripts.SalesforceLoginPage_Testcases" name="login_Homepage" time="0.0">
    <ignored/>
  </testcase> <!-- login_Homepage -->
  <testcase classname="com.tekarch.salesforce.automationscripts.SalesforceLoginPage_Testcases" name="rememberUser_checkbox" time="0.0">
    <ignored/>
  </testcase> <!-- rememberUser_checkbox -->
</testsuite> <!-- Default test -->
