<?xml version="1.0" encoding="UTF-8"?>
<!-- Generated by org.testng.reporters.JUnitXMLReporter -->
<testsuite ignored="0" hostname="Nitins-MacBook-Pro.local" failures="0" tests="5" name="Test" time="31.734" errors="0" timestamp="2024-02-19T17:04:42 PST">
  <testcase classname="com.tekarch.salesforce.automationscripts.SalesforceLoginPage_Testcases" name="loginPage_EmptyPassword" time="2.014"/>
  <testcase classname="com.tekarch.salesforce.automationscripts.SalesforceLoginPage_Testcases" name="testForgotPasssword" time="1.547"/>
  <testcase classname="com.tekarch.salesforce.automationscripts.SalesforceLoginPage_Testcases" name="loginErrorMessage" time="1.594"/>
  <testcase classname="com.tekarch.salesforce.automationscripts.SalesforceLoginPage_Testcases" name="login_Homepage" time="5.675"/>
  <testcase classname="com.tekarch.salesforce.automationscripts.SalesforceLoginPage_Testcases" name="rememberUser_checkbox" time="7.37"/>
</testsuite> <!-- Test -->
