<?xml version="1.0" encoding="UTF-8"?>
<!-- Generated by org.testng.reporters.JUnitXMLReporter -->
<testsuite ignored="0" hostname="Nitins-MacBook-Pro.local" failures="0" tests="5" name="Test_Login" time="30.408" errors="0" timestamp="2024-02-21T00:19:00 PST">
  <testcase classname="com.tekarch.salesforce.automationscripts.SalesforceLoginPage_Testcases" name="loginPage_EmptyPassword" time="1.734"/>
  <testcase classname="com.tekarch.salesforce.automationscripts.SalesforceLoginPage_Testcases" name="testForgotPasssword" time="1.335"/>
  <testcase classname="com.tekarch.salesforce.automationscripts.SalesforceLoginPage_Testcases" name="loginErrorMessage" time="1.379"/>
  <testcase classname="com.tekarch.salesforce.automationscripts.SalesforceLoginPage_Testcases" name="login_Homepage" time="5.746"/>
  <testcase classname="com.tekarch.salesforce.automationscripts.SalesforceLoginPage_Testcases" name="rememberUser_checkbox" time="8.668"/>
</testsuite> <!-- Test_Login -->
