<?xml version="1.0" encoding="UTF-8"?>
<testng-results ignored="0" total="5" passed="5" failed="0" skipped="0">
  <reporter-output>
  </reporter-output>
  <suite started-at="2024-02-19T17:04:10 PST" name="Regression Suite" finished-at="2024-02-19T17:04:42 PST" duration-ms="31734">
    <groups>
    </groups>
    <test started-at="2024-02-19T17:04:10 PST" name="Test" finished-at="2024-02-19T17:04:42 PST" duration-ms="31734">
      <class name="com.tekarch.salesforce.automationscripts.SalesforceLoginPage_Testcases">
        <test-method is-config="true" signature="setUpBeforeMethod(java.lang.String)[pri:0, instance:com.tekarch.salesforce.automationscripts.SalesforceLoginPage_Testcases@51acdf2e]" started-at="2024-02-19T17:04:11 PST" name="setUpBeforeMethod" finished-at="2024-02-19T17:04:16 PST" duration-ms="5607" status="PASS">
          <params>
            <param index="0">
              <value>
                <![CDATA[chrome]]>
              </value>
            </param>
          </params>
          <reporter-output>
          </reporter-output>
        </test-method> <!-- setUpBeforeMethod -->
        <test-method signature="loginPage_EmptyPassword()[pri:0, instance:com.tekarch.salesforce.automationscripts.SalesforceLoginPage_Testcases@51acdf2e]" started-at="2024-02-19T17:04:16 PST" name="loginPage_EmptyPassword" finished-at="2024-02-19T17:04:18 PST" duration-ms="2014" status="PASS">
          <reporter-output>
          </reporter-output>
        </test-method> <!-- loginPage_EmptyPassword -->
        <test-method is-config="true" signature="tearDownAfterTestMethod()[pri:0, instance:com.tekarch.salesforce.automationscripts.SalesforceLoginPage_Testcases@51acdf2e]" started-at="2024-02-19T17:04:18 PST" name="tearDownAfterTestMethod" finished-at="2024-02-19T17:04:18 PST" duration-ms="210" status="PASS">
          <reporter-output>
          </reporter-output>
        </test-method> <!-- tearDownAfterTestMethod -->
        <test-method is-config="true" signature="setUpBeforeMethod(java.lang.String)[pri:0, instance:com.tekarch.salesforce.automationscripts.SalesforceLoginPage_Testcases@51acdf2e]" started-at="2024-02-19T17:04:19 PST" name="setUpBeforeMethod" finished-at="2024-02-19T17:04:20 PST" duration-ms="1978" status="PASS">
          <params>
            <param index="0">
              <value>
                <![CDATA[chrome]]>
              </value>
            </param>
          </params>
          <reporter-output>
          </reporter-output>
        </test-method> <!-- setUpBeforeMethod -->
        <test-method signature="testForgotPasssword()[pri:1, instance:com.tekarch.salesforce.automationscripts.SalesforceLoginPage_Testcases@51acdf2e]" started-at="2024-02-19T17:04:20 PST" name="testForgotPasssword" finished-at="2024-02-19T17:04:22 PST" duration-ms="1547" status="PASS">
          <reporter-output>
          </reporter-output>
        </test-method> <!-- testForgotPasssword -->
        <test-method is-config="true" signature="tearDownAfterTestMethod()[pri:0, instance:com.tekarch.salesforce.automationscripts.SalesforceLoginPage_Testcases@51acdf2e]" started-at="2024-02-19T17:04:22 PST" name="tearDownAfterTestMethod" finished-at="2024-02-19T17:04:22 PST" duration-ms="149" status="PASS">
          <reporter-output>
          </reporter-output>
        </test-method> <!-- tearDownAfterTestMethod -->
        <test-method is-config="true" signature="setUpBeforeMethod(java.lang.String)[pri:0, instance:com.tekarch.salesforce.automationscripts.SalesforceLoginPage_Testcases@51acdf2e]" started-at="2024-02-19T17:04:22 PST" name="setUpBeforeMethod" finished-at="2024-02-19T17:04:24 PST" duration-ms="1496" status="PASS">
          <params>
            <param index="0">
              <value>
                <![CDATA[chrome]]>
              </value>
            </param>
          </params>
          <reporter-output>
          </reporter-output>
        </test-method> <!-- setUpBeforeMethod -->
        <test-method signature="loginErrorMessage()[pri:2, instance:com.tekarch.salesforce.automationscripts.SalesforceLoginPage_Testcases@51acdf2e]" started-at="2024-02-19T17:04:24 PST" name="loginErrorMessage" finished-at="2024-02-19T17:04:25 PST" duration-ms="1594" status="PASS">
          <reporter-output>
          </reporter-output>
        </test-method> <!-- loginErrorMessage -->
        <test-method is-config="true" signature="tearDownAfterTestMethod()[pri:0, instance:com.tekarch.salesforce.automationscripts.SalesforceLoginPage_Testcases@51acdf2e]" started-at="2024-02-19T17:04:25 PST" name="tearDownAfterTestMethod" finished-at="2024-02-19T17:04:25 PST" duration-ms="127" status="PASS">
          <reporter-output>
          </reporter-output>
        </test-method> <!-- tearDownAfterTestMethod -->
        <test-method is-config="true" signature="setUpBeforeMethod(java.lang.String)[pri:0, instance:com.tekarch.salesforce.automationscripts.SalesforceLoginPage_Testcases@51acdf2e]" started-at="2024-02-19T17:04:25 PST" name="setUpBeforeMethod" finished-at="2024-02-19T17:04:27 PST" duration-ms="1744" status="PASS">
          <params>
            <param index="0">
              <value>
                <![CDATA[chrome]]>
              </value>
            </param>
          </params>
          <reporter-output>
          </reporter-output>
        </test-method> <!-- setUpBeforeMethod -->
        <test-method signature="login_Homepage()[pri:3, instance:com.tekarch.salesforce.automationscripts.SalesforceLoginPage_Testcases@51acdf2e]" started-at="2024-02-19T17:04:27 PST" name="login_Homepage" finished-at="2024-02-19T17:04:33 PST" duration-ms="5675" status="PASS">
          <reporter-output>
          </reporter-output>
        </test-method> <!-- login_Homepage -->
        <test-method is-config="true" signature="tearDownAfterTestMethod()[pri:0, instance:com.tekarch.salesforce.automationscripts.SalesforceLoginPage_Testcases@51acdf2e]" started-at="2024-02-19T17:04:33 PST" name="tearDownAfterTestMethod" finished-at="2024-02-19T17:04:33 PST" duration-ms="156" status="PASS">
          <reporter-output>
          </reporter-output>
        </test-method> <!-- tearDownAfterTestMethod -->
        <test-method is-config="true" signature="setUpBeforeMethod(java.lang.String)[pri:0, instance:com.tekarch.salesforce.automationscripts.SalesforceLoginPage_Testcases@51acdf2e]" started-at="2024-02-19T17:04:33 PST" name="setUpBeforeMethod" finished-at="2024-02-19T17:04:35 PST" duration-ms="1652" status="PASS">
          <params>
            <param index="0">
              <value>
                <![CDATA[chrome]]>
              </value>
            </param>
          </params>
          <reporter-output>
          </reporter-output>
        </test-method> <!-- setUpBeforeMethod -->
        <test-method signature="rememberUser_checkbox()[pri:4, instance:com.tekarch.salesforce.automationscripts.SalesforceLoginPage_Testcases@51acdf2e]" started-at="2024-02-19T17:04:35 PST" name="rememberUser_checkbox" finished-at="2024-02-19T17:04:42 PST" duration-ms="7370" status="PASS">
          <reporter-output>
          </reporter-output>
        </test-method> <!-- rememberUser_checkbox -->
        <test-method is-config="true" signature="tearDownAfterTestMethod()[pri:0, instance:com.tekarch.salesforce.automationscripts.SalesforceLoginPage_Testcases@51acdf2e]" started-at="2024-02-19T17:04:42 PST" name="tearDownAfterTestMethod" finished-at="2024-02-19T17:04:42 PST" duration-ms="182" status="PASS">
          <reporter-output>
          </reporter-output>
        </test-method> <!-- tearDownAfterTestMethod -->
      </class> <!-- com.tekarch.salesforce.automationscripts.SalesforceLoginPage_Testcases -->
    </test> <!-- Test -->
  </suite> <!-- Regression Suite -->
</testng-results>
