<?xml version="1.0" encoding="UTF-8"?>
<testsuite xmlns:xsi="http://www.w3.org/2001/XMLSchema-instance" xsi:noNamespaceSchemaLocation="https://maven.apache.org/surefire/maven-surefire-plugin/xsd/surefire-test-report-3.0.xsd" version="3.0" name="TestSuite" time="33.099" tests="5" errors="0" skipped="0" failures="0">
  <properties>
[...]
</properties>
  <testcase name="loginPage_EmptyPassword" classname="com.tekarch.salesforce.automationscripts.SalesforceLoginPage_Testcases" time="2.009">
    <system-out><![CDATA[2024-02-19 17:04:10,956 INFO  SalesforceListenerUtility.java:62 - .......<test> execution started........
2024-02-19 17:04:11,170 INFO  BaseTest.java:46 - .........BeforeMethod  executed---------------
2024-02-19 17:04:11,617 INFO  BaseTest.java:66 - Browser instance has started
2024-02-19 17:04:16,762 INFO  BaseTest.java:147 - https://login.salesforce.com/ is entered
2024-02-19 17:04:16,762 INFO  BaseTest.java:180 - Waiting until page loads within  expectedtime period
2024-02-19 17:04:16,770 INFO  SalesforceListenerUtility.java:27 - loginPage_EmptyPassword.......test execution started........
2024-02-19 17:04:16,777 INFO  SalesforceLoginPage_Testcases.java:43 - ..............started loginPage_EmptyPassword...............
2024-02-19 17:04:16,813 INFO  SalesforceLoginPage_Testcases.java:54 - Login | Salesforce  matched with Login | Salesforce
ObjectLogger->com.aventstack.extentreports.ExtentTest@1e58512c
2024-02-19 17:04:16,820 INFO  SalesforceLoginPage_Testcases.java:62 - Assertion passed: Actual title is equal to Expected title
2024-02-19 17:04:16,924 INFO  BasePage.java:87 - UserName  IS WAITED FOR VISIBLITY
ObjectLogger->com.aventstack.extentreports.ExtentTest@1e58512c
2024-02-19 17:04:17,630 INFO  BasePage.java:138 - [[ChromeDriver: chrome on MAC (ef57126ce6c94578b27c847ddb70bdf5)] -> xpath: //*[@id='username']]Is enabled and clicked
ObjectLogger->com.aventstack.extentreports.ExtentTest@1e58512c
2024-02-19 17:04:18,006 INFO  BasePage.java:142 - Username textboxIs displayed  in textarea
ObjectLogger->com.aventstack.extentreports.ExtentTest@1e58512c
2024-02-19 17:04:18,007 INFO  SalesforceLoginPage_Testcases.java:65 - User name entered
2024-02-19 17:04:18,113 INFO  BasePage.java:138 - [[ChromeDriver: chrome on MAC (ef57126ce6c94578b27c847ddb70bdf5)] -> xpath: //*[@id='password']]Is enabled and clicked
ObjectLogger->com.aventstack.extentreports.ExtentTest@1e58512c
2024-02-19 17:04:18,150 INFO  BasePage.java:142 - password field Is displayed  in textarea
ObjectLogger->com.aventstack.extentreports.ExtentTest@1e58512c
2024-02-19 17:04:18,189 INFO  BasePage.java:87 - Login Button IS WAITED FOR VISIBLITY
ObjectLogger->com.aventstack.extentreports.ExtentTest@1e58512c
2024-02-19 17:04:18,756 INFO  BasePage.java:68 - Login ButtonIs enabled and clicked
ObjectLogger->com.aventstack.extentreports.ExtentTest@1e58512c
2024-02-19 17:04:18,781 INFO  BasePage.java:234 - Element extracted text is = Please enter your password.
2024-02-19 17:04:18,782 INFO  SalesforceLoginPage_Testcases.java:77 - Please enter your password.  matched with Please enter your password.
ObjectLogger->com.aventstack.extentreports.ExtentTest@1e58512c
2024-02-19 17:04:18,783 INFO  SalesforceLoginPage_Testcases.java:90 - ..............ended loginPage_EmptyPassword................
]]></system-out>
    <system-err><![CDATA[SLF4J: No SLF4J providers were found.
SLF4J: Defaulting to no-operation (NOP) logger implementation
SLF4J: See https://www.slf4j.org/codes.html#noProviders for further details.
Starting ChromeDriver 121.0.6167.184 (057a8ae7deb3374d0f1b04b36304d236f0136188-refs/branch-heads/6167@{#1818}) on port 36146
Only local connections are allowed.
Please see https://chromedriver.chromium.org/security-considerations for suggestions on keeping ChromeDriver safe.
ChromeDriver was started successfully.
Feb 19, 2024 5:04:14 PM org.openqa.selenium.remote.ProtocolHandshake createSession
INFO: Detected dialect: W3C
]]></system-err>
  </testcase>
  <testcase name="testForgotPasssword" classname="com.tekarch.salesforce.automationscripts.SalesforceLoginPage_Testcases" time="1.543">
    <system-out><![CDATA[2024-02-19 17:04:18,785 INFO  SalesforceListenerUtility.java:36 - loginPage_EmptyPassword.......test execution sucess........
ObjectLogger->com.aventstack.extentreports.ExtentTest@1e58512c
2024-02-19 17:04:18,993 INFO  BaseTest.java:138 - browser is closed
2024-02-19 17:04:18,994 INFO  BaseTest.java:56 - ******tearDownAfterTestMethod executed***********
2024-02-19 17:04:19,004 INFO  BaseTest.java:46 - .........BeforeMethod  executed---------------
2024-02-19 17:04:19,054 INFO  BaseTest.java:66 - Browser instance has started
2024-02-19 17:04:20,973 INFO  BaseTest.java:147 - https://login.salesforce.com/ is entered
2024-02-19 17:04:20,974 INFO  BaseTest.java:180 - Waiting until page loads within  expectedtime period
2024-02-19 17:04:20,980 INFO  SalesforceListenerUtility.java:27 - testForgotPasssword.......test execution started........
2024-02-19 17:04:20,981 INFO  SalesforceLoginPage_Testcases.java:205 - ..............stated testForgotPasssword..............
2024-02-19 17:04:21,288 INFO  BasePage.java:68 - Forgot ButtonIs enabled and clicked
ObjectLogger->com.aventstack.extentreports.ExtentTest@fe7b6b0
2024-02-19 17:04:21,299 INFO  SalesforceLoginPage_Testcases.java:218 - Forgot Your Password | Salesforce  matched with Forgot Your Password | Salesforce
ObjectLogger->com.aventstack.extentreports.ExtentTest@fe7b6b0
2024-02-19 17:04:21,467 INFO  BasePage.java:87 - User Name  IS WAITED FOR VISIBLITY
ObjectLogger->com.aventstack.extentreports.ExtentTest@fe7b6b0
2024-02-19 17:04:21,587 INFO  BasePage.java:138 - [[ChromeDriver: chrome on MAC (927fb458c7059d640895c76cbb001dc4)] -> xpath: //input[@id='un']]Is enabled and clicked
ObjectLogger->com.aventstack.extentreports.ExtentTest@fe7b6b0
2024-02-19 17:04:21,706 INFO  BasePage.java:142 - Username textboxIs displayed  in textarea
ObjectLogger->com.aventstack.extentreports.ExtentTest@fe7b6b0
2024-02-19 17:04:22,495 INFO  BasePage.java:68 - Continue Is enabled and clicked
ObjectLogger->com.aventstack.extentreports.ExtentTest@fe7b6b0
2024-02-19 17:04:22,501 INFO  SalesforceLoginPage_Testcases.java:238 - Check Your Email | Salesforce  matched with Check Your Email | Salesforce
ObjectLogger->com.aventstack.extentreports.ExtentTest@fe7b6b0
2024-02-19 17:04:22,525 INFO  BasePage.java:234 - Element extracted text is = Check Your Email
2024-02-19 17:04:22,526 INFO  SalesforceLoginPage_Testcases.java:250 - Check Your Email  matched with Check Your Email
ObjectLogger->com.aventstack.extentreports.ExtentTest@fe7b6b0
2024-02-19 17:04:22,527 INFO  SalesforceLoginPage_Testcases.java:260 - ..............ended testForgotPasssword..............
]]></system-out>
    <system-err><![CDATA[Starting ChromeDriver 121.0.6167.184 (057a8ae7deb3374d0f1b04b36304d236f0136188-refs/branch-heads/6167@{#1818}) on port 37879
Only local connections are allowed.
Please see https://chromedriver.chromium.org/security-considerations for suggestions on keeping ChromeDriver safe.
ChromeDriver was started successfully.
Feb 19, 2024 5:04:20 PM org.openqa.selenium.remote.ProtocolHandshake createSession
INFO: Detected dialect: W3C
]]></system-err>
  </testcase>
  <testcase name="loginErrorMessage" classname="com.tekarch.salesforce.automationscripts.SalesforceLoginPage_Testcases" time="1.594">
    <system-out><![CDATA[2024-02-19 17:04:22,527 INFO  SalesforceListenerUtility.java:36 - testForgotPasssword.......test execution sucess........
ObjectLogger->com.aventstack.extentreports.ExtentTest@fe7b6b0
2024-02-19 17:04:22,676 INFO  BaseTest.java:138 - browser is closed
2024-02-19 17:04:22,677 INFO  BaseTest.java:56 - ******tearDownAfterTestMethod executed***********
2024-02-19 17:04:22,678 INFO  BaseTest.java:46 - .........BeforeMethod  executed---------------
2024-02-19 17:04:22,697 INFO  BaseTest.java:66 - Browser instance has started
2024-02-19 17:04:24,171 INFO  BaseTest.java:147 - https://login.salesforce.com/ is entered
2024-02-19 17:04:24,171 INFO  BaseTest.java:180 - Waiting until page loads within  expectedtime period
2024-02-19 17:04:24,175 INFO  SalesforceListenerUtility.java:27 - loginErrorMessage.......test execution started........
2024-02-19 17:04:24,175 INFO  SalesforceLoginPage_Testcases.java:266 - ..............stated loginErrorMessage..............
2024-02-19 17:04:24,216 INFO  BasePage.java:87 - UserName  IS WAITED FOR VISIBLITY
ObjectLogger->com.aventstack.extentreports.ExtentTest@766a49c7
2024-02-19 17:04:24,371 INFO  BasePage.java:138 - [[ChromeDriver: chrome on MAC (6dfab8aadef288e07e561662d4114a47)] -> xpath: //*[@id='username']]Is enabled and clicked
ObjectLogger->com.aventstack.extentreports.ExtentTest@766a49c7
2024-02-19 17:04:24,744 INFO  BasePage.java:142 - Username textboxIs displayed  in textarea
ObjectLogger->com.aventstack.extentreports.ExtentTest@766a49c7
2024-02-19 17:04:24,744 INFO  SalesforceLoginPage_Testcases.java:273 - User name entered successfully
2024-02-19 17:04:24,929 INFO  BasePage.java:138 - [[ChromeDriver: chrome on MAC (6dfab8aadef288e07e561662d4114a47)] -> xpath: //*[@id='password']]Is enabled and clicked
ObjectLogger->com.aventstack.extentreports.ExtentTest@766a49c7
2024-02-19 17:04:24,972 INFO  BasePage.java:142 - password field Is displayed  in textarea
ObjectLogger->com.aventstack.extentreports.ExtentTest@766a49c7
2024-02-19 17:04:25,112 INFO  BasePage.java:87 - Login Button IS WAITED FOR VISIBLITY
ObjectLogger->com.aventstack.extentreports.ExtentTest@766a49c7
2024-02-19 17:04:25,700 INFO  BasePage.java:68 - Login ButtonIs enabled and clicked
ObjectLogger->com.aventstack.extentreports.ExtentTest@766a49c7
2024-02-19 17:04:25,766 INFO  BasePage.java:234 - Element extracted text is = Please check your username and password. If you still can't log in, contact your Salesforce administrator.
2024-02-19 17:04:25,767 INFO  SalesforceLoginPage_Testcases.java:284 - Please check your username and password. If you still can't log in, contact your Salesforce administrator.  matched with Please check your username and password. If you still can't log in, contact your Salesforce administrator.
ObjectLogger->com.aventstack.extentreports.ExtentTest@766a49c7
]]></system-out>
    <system-err><![CDATA[Starting ChromeDriver 121.0.6167.184 (057a8ae7deb3374d0f1b04b36304d236f0136188-refs/branch-heads/6167@{#1818}) on port 37788
Only local connections are allowed.
Please see https://chromedriver.chromium.org/security-considerations for suggestions on keeping ChromeDriver safe.
ChromeDriver was started successfully.
Feb 19, 2024 5:04:23 PM org.openqa.selenium.remote.ProtocolHandshake createSession
INFO: Detected dialect: W3C
]]></system-err>
  </testcase>
  <testcase name="login_Homepage" classname="com.tekarch.salesforce.automationscripts.SalesforceLoginPage_Testcases" time="5.674">
    <system-out><![CDATA[2024-02-19 17:04:25,769 INFO  SalesforceListenerUtility.java:36 - loginErrorMessage.......test execution sucess........
ObjectLogger->com.aventstack.extentreports.ExtentTest@766a49c7
2024-02-19 17:04:25,895 INFO  BaseTest.java:138 - browser is closed
2024-02-19 17:04:25,897 INFO  BaseTest.java:56 - ******tearDownAfterTestMethod executed***********
2024-02-19 17:04:25,899 INFO  BaseTest.java:46 - .........BeforeMethod  executed---------------
2024-02-19 17:04:25,926 INFO  BaseTest.java:66 - Browser instance has started
2024-02-19 17:04:27,638 INFO  BaseTest.java:147 - https://login.salesforce.com/ is entered
2024-02-19 17:04:27,639 INFO  BaseTest.java:180 - Waiting until page loads within  expectedtime period
2024-02-19 17:04:27,643 INFO  SalesforceListenerUtility.java:27 - login_Homepage.......test execution started........
2024-02-19 17:04:27,643 INFO  SalesforceLoginPage_Testcases.java:96 - ..............stated login_Homepage()...............
2024-02-19 17:04:27,651 INFO  BasePage.java:215 - Current URL is = https://login.salesforce.com/
2024-02-19 17:04:27,652 INFO  SalesforceLoginPage_Testcases.java:107 - https://login.salesforce.com/  matched with https://login.salesforce.com/
ObjectLogger->com.aventstack.extentreports.ExtentTest@29c17c3d
2024-02-19 17:04:27,695 INFO  BasePage.java:87 - UserName  IS WAITED FOR VISIBLITY
ObjectLogger->com.aventstack.extentreports.ExtentTest@29c17c3d
2024-02-19 17:04:27,823 INFO  BasePage.java:138 - [[ChromeDriver: chrome on MAC (53e00966a4ad9ca1649aa8a15d92408f)] -> xpath: //*[@id='username']]Is enabled and clicked
ObjectLogger->com.aventstack.extentreports.ExtentTest@29c17c3d
2024-02-19 17:04:27,928 INFO  BasePage.java:142 - Username textboxIs displayed  in textarea
ObjectLogger->com.aventstack.extentreports.ExtentTest@29c17c3d
2024-02-19 17:04:27,928 INFO  SalesforceLoginPage_Testcases.java:117 - User name entered successfully
2024-02-19 17:04:28,294 INFO  BasePage.java:138 - [[ChromeDriver: chrome on MAC (53e00966a4ad9ca1649aa8a15d92408f)] -> xpath: //*[@id='password']]Is enabled and clicked
ObjectLogger->com.aventstack.extentreports.ExtentTest@29c17c3d
2024-02-19 17:04:28,413 INFO  BasePage.java:142 - password field Is displayed  in textarea
ObjectLogger->com.aventstack.extentreports.ExtentTest@29c17c3d
2024-02-19 17:04:28,418 INFO  SalesforceLoginPage_Testcases.java:120 - Password entered successfully
2024-02-19 17:04:28,477 INFO  BasePage.java:87 - Login Button IS WAITED FOR VISIBLITY
ObjectLogger->com.aventstack.extentreports.ExtentTest@29c17c3d
2024-02-19 17:04:31,378 INFO  BasePage.java:68 - Login ButtonIs enabled and clicked
ObjectLogger->com.aventstack.extentreports.ExtentTest@29c17c3d
2024-02-19 17:04:33,316 INFO  SalesforceLoginPage_Testcases.java:132 - Home Page ~ Salesforce - Developer Edition  matched with Home Page ~ Salesforce - Developer Edition
ObjectLogger->com.aventstack.extentreports.ExtentTest@29c17c3d
2024-02-19 17:04:33,317 INFO  SalesforceLoginPage_Testcases.java:141 - ..............ended login_Homepage()...............
]]></system-out>
    <system-err><![CDATA[Starting ChromeDriver 121.0.6167.184 (057a8ae7deb3374d0f1b04b36304d236f0136188-refs/branch-heads/6167@{#1818}) on port 3303
Only local connections are allowed.
Please see https://chromedriver.chromium.org/security-considerations for suggestions on keeping ChromeDriver safe.
ChromeDriver was started successfully.
Feb 19, 2024 5:04:27 PM org.openqa.selenium.remote.ProtocolHandshake createSession
INFO: Detected dialect: W3C
]]></system-err>
  </testcase>
  <testcase name="rememberUser_checkbox" classname="com.tekarch.salesforce.automationscripts.SalesforceLoginPage_Testcases" time="7.37">
    <system-out><![CDATA[2024-02-19 17:04:33,317 INFO  SalesforceListenerUtility.java:36 - login_Homepage.......test execution sucess........
ObjectLogger->com.aventstack.extentreports.ExtentTest@29c17c3d
2024-02-19 17:04:33,473 INFO  BaseTest.java:138 - browser is closed
2024-02-19 17:04:33,474 INFO  BaseTest.java:56 - ******tearDownAfterTestMethod executed***********
2024-02-19 17:04:33,476 INFO  BaseTest.java:46 - .........BeforeMethod  executed---------------
2024-02-19 17:04:33,492 INFO  BaseTest.java:66 - Browser instance has started
2024-02-19 17:04:35,122 INFO  BaseTest.java:147 - https://login.salesforce.com/ is entered
2024-02-19 17:04:35,123 INFO  BaseTest.java:180 - Waiting until page loads within  expectedtime period
2024-02-19 17:04:35,127 INFO  SalesforceListenerUtility.java:27 - rememberUser_checkbox.......test execution started........
2024-02-19 17:04:35,127 INFO  SalesforceLoginPage_Testcases.java:147 - ..............stated  rememberUser_checkbox..............
2024-02-19 17:04:35,169 INFO  BasePage.java:87 - UserName  IS WAITED FOR VISIBLITY
ObjectLogger->com.aventstack.extentreports.ExtentTest@33e434c8
2024-02-19 17:04:35,308 INFO  BasePage.java:138 - [[ChromeDriver: chrome on MAC (28f07fe57c77ea5c7d834533be997b54)] -> xpath: //*[@id='username']]Is enabled and clicked
ObjectLogger->com.aventstack.extentreports.ExtentTest@33e434c8
2024-02-19 17:04:35,426 INFO  BasePage.java:142 - Username textboxIs displayed  in textarea
ObjectLogger->com.aventstack.extentreports.ExtentTest@33e434c8
2024-02-19 17:04:35,427 INFO  SalesforceLoginPage_Testcases.java:154 - User name entered successfully
2024-02-19 17:04:35,731 INFO  BasePage.java:138 - [[ChromeDriver: chrome on MAC (28f07fe57c77ea5c7d834533be997b54)] -> xpath: //*[@id='password']]Is enabled and clicked
ObjectLogger->com.aventstack.extentreports.ExtentTest@33e434c8
2024-02-19 17:04:35,780 INFO  BasePage.java:142 - password field Is displayed  in textarea
ObjectLogger->com.aventstack.extentreports.ExtentTest@33e434c8
2024-02-19 17:04:35,781 INFO  SalesforceLoginPage_Testcases.java:157 - Password entered successfully
2024-02-19 17:04:35,891 INFO  BasePage.java:87 - Remember me checkbox IS WAITED FOR VISIBLITY
ObjectLogger->com.aventstack.extentreports.ExtentTest@33e434c8
2024-02-19 17:04:35,984 INFO  BasePage.java:68 - Remember me Is enabled and clicked
ObjectLogger->com.aventstack.extentreports.ExtentTest@33e434c8
2024-02-19 17:04:36,044 INFO  BasePage.java:87 - Login Button IS WAITED FOR VISIBLITY
ObjectLogger->com.aventstack.extentreports.ExtentTest@33e434c8
2024-02-19 17:04:38,286 INFO  BasePage.java:68 - Login ButtonIs enabled and clicked
ObjectLogger->com.aventstack.extentreports.ExtentTest@33e434c8
2024-02-19 17:04:40,115 INFO  SalesforceLoginPage_Testcases.java:172 - Home Page ~ Salesforce - Developer Edition  matched with Home Page ~ Salesforce - Developer Edition
ObjectLogger->com.aventstack.extentreports.ExtentTest@33e434c8
2024-02-19 17:04:40,168 INFO  BasePage.java:87 - User account  IS WAITED FOR VISIBLITY
ObjectLogger->com.aventstack.extentreports.ExtentTest@33e434c8
2024-02-19 17:04:42,410 INFO  BasePage.java:87 - Username Label  IS WAITED FOR VISIBLITY
ObjectLogger->com.aventstack.extentreports.ExtentTest@33e434c8
2024-02-19 17:04:42,495 INFO  BasePage.java:234 - Element extracted text is = sweety123@yahoo.com
2024-02-19 17:04:42,496 INFO  SalesforceLoginPage_Testcases.java:189 - sweety123@yahoo.com  matched with sweety123@yahoo.com
ObjectLogger->com.aventstack.extentreports.ExtentTest@33e434c8
2024-02-19 17:04:42,496 INFO  SalesforceLoginPage_Testcases.java:199 - .............ended rememberUser_checkbox..............
]]></system-out>
    <system-err><![CDATA[Starting ChromeDriver 121.0.6167.184 (057a8ae7deb3374d0f1b04b36304d236f0136188-refs/branch-heads/6167@{#1818}) on port 10941
Only local connections are allowed.
Please see https://chromedriver.chromium.org/security-considerations for suggestions on keeping ChromeDriver safe.
ChromeDriver was started successfully.
Feb 19, 2024 5:04:34 PM org.openqa.selenium.remote.ProtocolHandshake createSession
INFO: Detected dialect: W3C
]]></system-err>
  </testcase>
</testsuite>