<?xml version="1.0" encoding="UTF-8"?>
<testng-results ignored="0" total="1" passed="1" failed="0" skipped="0">
  <reporter-output>
  </reporter-output>
  <suite started-at="2024-06-07T00:14:19 PDT" name="Default suite" finished-at="2024-06-07T00:15:23 PDT" duration-ms="64324">
    <groups>
    </groups>
    <test started-at="2024-06-07T00:14:19 PDT" name="Default test" finished-at="2024-06-07T00:15:23 PDT" duration-ms="64324">
      <class name="com.lighteningSalesforce.ContactsTestCases">
        <test-method is-config="true" signature="setUpBeforeMethod(java.lang.String)[pri:0, instance:com.lighteningSalesforce.ContactsTestCases@1c65121]" started-at="2024-06-07T00:14:19 PDT" name="setUpBeforeMethod" finished-at="2024-06-07T00:14:23 PDT" duration-ms="3346" status="PASS">
          <params>
            <param index="0">
              <value>
                <![CDATA[chrome]]>
              </value>
            </param>
          </params>
          <reporter-output>
          </reporter-output>
        </test-method> <!-- setUpBeforeMethod -->
        <test-method is-config="true" signature="setUp()[pri:0, instance:com.lighteningSalesforce.ContactsTestCases@1c65121]" started-at="2024-06-07T00:14:23 PDT" name="setUp" finished-at="2024-06-07T00:14:23 PDT" duration-ms="72" status="PASS">
          <reporter-output>
          </reporter-output>
        </test-method> <!-- setUp -->
        <test-method signature="createContacts()[pri:0, instance:com.lighteningSalesforce.ContactsTestCases@1c65121]" started-at="2024-06-07T00:14:23 PDT" name="createContacts" finished-at="2024-06-07T00:15:23 PDT" duration-ms="60510" status="PASS">
          <reporter-output>
          </reporter-output>
        </test-method> <!-- createContacts -->
      </class> <!-- com.lighteningSalesforce.ContactsTestCases -->
    </test> <!-- Default test -->
  </suite> <!-- Default suite -->
</testng-results>
