<?xml version="1.0" encoding="UTF-8"?>
<!-- Generated by org.testng.reporters.JUnitReportReporter -->
<testsuite hostname="Nitins-MacBook-Pro.local" failures="0" tests="5" name="com.tekarch.salesforce.automationscripts.SalesforceLoginPage_Testcases" time="29.956" errors="0" timestamp="2024-03-11T17:49:05 PDT" skipped="0">
  <testcase classname="com.tekarch.salesforce.automationscripts.SalesforceLoginPage_Testcases" name="loginPage_EmptyPassword" time="4.349"/>
  <system-out/>
  <testcase classname="com.tekarch.salesforce.automationscripts.SalesforceLoginPage_Testcases" name="testForgotPasssword" time="6.614"/>
  <system-out/>
  <testcase classname="com.tekarch.salesforce.automationscripts.SalesforceLoginPage_Testcases" name="loginErrorMessage" time="2.678"/>
  <system-out/>
  <testcase classname="com.tekarch.salesforce.automationscripts.SalesforceLoginPage_Testcases" name="login_Homepage" time="6.965"/>
  <system-out/>
  <testcase classname="com.tekarch.salesforce.automationscripts.SalesforceLoginPage_Testcases" name="rememberUser_checkbox" time="9.350"/>
  <system-out/>
</testsuite> <!-- com.tekarch.salesforce.automationscripts.SalesforceLoginPage_Testcases -->
