<?xml version="1.0" encoding="UTF-8"?>
<!-- Generated by org.testng.reporters.JUnitReportReporter -->
<testsuite hostname="Nitins-MacBook-Pro.local" failures="0" tests="4" name="com.lighteningSalesforce.LoginAccountsTestcases" time="58.509" errors="0" timestamp="2024-06-04T00:25:18 PDT" skipped="2">
  <testcase classname="com.lighteningSalesforce.LoginAccountsTestcases" name="login_Homepage" time="21.932"/>
  <system-out/>
  <testcase classname="com.lighteningSalesforce.LoginAccountsTestcases" name="editAccount" time="36.577"/>
  <system-out/>
  <testcase classname="com.lighteningSalesforce.LoginAccountsTestcases" name="DeleteAccount">
    <skipped/>
  </testcase> <!-- DeleteAccount -->
  <system-out/>
  <testcase classname="com.lighteningSalesforce.LoginAccountsTestcases" name="Create_Account">
    <skipped/>
  </testcase> <!-- Create_Account -->
  <system-out/>
</testsuite> <!-- com.lighteningSalesforce.LoginAccountsTestcases -->
